<?xml version="1.0" encoding="UTF-8"?>
<!-- Generated by org.testng.reporters.JUnitReportReporter -->
<testsuite hostname="DESKTOP-MAPTLPV" failures="0" tests="1" name="br.dsarath.TransamericaTest.Tests.TC001_Login_Success" time="6.894" errors="0" timestamp="27 dez 2018 21:16:10 GMT" skipped="0">
  <testcase classname="br.dsarath.TransamericaTest.Tests.TC001_Login_Success" name="LoginSuccess" time="6.894"/>
</testsuite> <!-- br.dsarath.TransamericaTest.Tests.TC001_Login_Success -->
