<?xml version="1.0" encoding="UTF-8"?>
<!-- Generated by org.testng.reporters.JUnitReportReporter -->
<testsuite hostname="DESKTOP-MAPTLPV" failures="0" tests="1" name="br.dsarath.TransamericaTest.Tests.TC003_Invoice_Validation" time="8.707" errors="0" timestamp="27 dez 2018 21:16:10 GMT" skipped="0">
  <testcase classname="br.dsarath.TransamericaTest.Tests.TC003_Invoice_Validation" name="Invoice_Validation" time="8.707"/>
</testsuite> <!-- br.dsarath.TransamericaTest.Tests.TC003_Invoice_Validation -->
