<?xml version="1.0" encoding="UTF-8"?>
<!-- Generated by org.testng.reporters.JUnitReportReporter -->
<testsuite hostname="DESKTOP-MAPTLPV" failures="0" tests="4" name="br.dsarath.TransamericaTest.Tests.TC002_Login_Fail" time="32.976" errors="0" timestamp="27 dez 2018 21:16:10 GMT" skipped="0">
  <testcase classname="br.dsarath.TransamericaTest.Tests.TC002_Login_Fail" name="LoginFail4" time="9.731"/>
  <testcase classname="br.dsarath.TransamericaTest.Tests.TC002_Login_Fail" name="LoginFail3" time="8.724"/>
  <testcase classname="br.dsarath.TransamericaTest.Tests.TC002_Login_Fail" name="LoginFail1" time="10.789"/>
  <testcase classname="br.dsarath.TransamericaTest.Tests.TC002_Login_Fail" name="LoginFail2" time="3.732"/>
</testsuite> <!-- br.dsarath.TransamericaTest.Tests.TC002_Login_Fail -->
